<?xml version="1.0" encoding="UTF-8"?>
<!-- Generated by org.testng.reporters.JUnitXMLReporter -->
<testsuite ignored="0" hostname="DESKTOP-HMI8EVA" failures="0" tests="2" name="SeleniumMavenTestNG_An" time="15.556" errors="0" timestamp="2023-08-15T18:29:30 ICT">
  <testcase classname="com.anhtester.Bai10_Anotations.LoginTest" name="testLoginSuccess" time="2.797"/>
  <testcase classname="com.anhtester.Bai10_Anotations.LoginTest" name="testAddCustomers" time="3.365"/>
</testsuite> <!-- SeleniumMavenTestNG_An -->
