<?xml version="1.0" encoding="UTF-8"?>
<testng-results ignored="0" total="2" passed="2" failed="0" skipped="0">
  <reporter-output>
  </reporter-output>
  <suite started-at="2023-08-15T18:29:14 ICT" name="Default Suite" finished-at="2023-08-15T18:29:30 ICT" duration-ms="15556">
    <groups>
    </groups>
    <test started-at="2023-08-15T18:29:14 ICT" name="SeleniumMavenTestNG_An" finished-at="2023-08-15T18:29:30 ICT" duration-ms="15556">
      <class name="com.anhtester.Bai10_Anotations.LoginTest">
        <test-method is-config="true" signature="createBrowser()[pri:0, instance:com.anhtester.Bai10_Anotations.LoginTest@568bf312]" started-at="2023-08-15T18:29:14 ICT" name="createBrowser" finished-at="2023-08-15T18:29:18 ICT" duration-ms="3187" status="PASS">
          <reporter-output>
          </reporter-output>
        </test-method> <!-- createBrowser -->
        <test-method signature="testLoginSuccess()[pri:1, instance:com.anhtester.Bai10_Anotations.LoginTest@568bf312]" started-at="2023-08-15T18:29:18 ICT" name="testLoginSuccess" description="Login CRM successfully" finished-at="2023-08-15T18:29:20 ICT" duration-ms="2797" status="PASS">
          <reporter-output>
          </reporter-output>
        </test-method> <!-- testLoginSuccess -->
        <test-method is-config="true" signature="closedBrowser()[pri:0, instance:com.anhtester.Bai10_Anotations.LoginTest@568bf312]" started-at="2023-08-15T18:29:20 ICT" name="closedBrowser" finished-at="2023-08-15T18:29:23 ICT" duration-ms="2260" status="PASS">
          <reporter-output>
          </reporter-output>
        </test-method> <!-- closedBrowser -->
        <test-method is-config="true" signature="createBrowser()[pri:0, instance:com.anhtester.Bai10_Anotations.LoginTest@568bf312]" started-at="2023-08-15T18:29:23 ICT" name="createBrowser" finished-at="2023-08-15T18:29:24 ICT" duration-ms="1689" status="PASS">
          <reporter-output>
          </reporter-output>
        </test-method> <!-- createBrowser -->
        <test-method signature="testAddCustomers()[pri:2, instance:com.anhtester.Bai10_Anotations.LoginTest@568bf312]" started-at="2023-08-15T18:29:24 ICT" name="testAddCustomers" description="Add customers successfully" finished-at="2023-08-15T18:29:28 ICT" duration-ms="3365" status="PASS">
          <reporter-output>
          </reporter-output>
        </test-method> <!-- testAddCustomers -->
        <test-method is-config="true" signature="closedBrowser()[pri:0, instance:com.anhtester.Bai10_Anotations.LoginTest@568bf312]" started-at="2023-08-15T18:29:28 ICT" name="closedBrowser" finished-at="2023-08-15T18:29:30 ICT" duration-ms="2209" status="PASS">
          <reporter-output>
          </reporter-output>
        </test-method> <!-- closedBrowser -->
      </class> <!-- com.anhtester.Bai10_Anotations.LoginTest -->
    </test> <!-- SeleniumMavenTestNG_An -->
  </suite> <!-- Default Suite -->
</testng-results>
